app/build/intermediates/manifest_merge_blame_file/debug/manifest-merger-blame-debug-report.txt
1<?xml version="1.0" encoding="utf-8"?>
2<manifest xmlns:android="http://schemas.android.com/apk/res/android"
3    package="com.example.smallsolutions"
4    android:versionCode="1"
5    android:versionName="1.0" >
6
7    <uses-sdk
8        android:minSdkVersion="22"
8-->src\main\AndroidManifest.xml
9        android:targetSdkVersion="30" />
9-->src\main\AndroidManifest.xml
10
11    <application
<<<<<<< HEAD
11-->src\main\AndroidManifest.xml:5:5-37:19
=======
11-->src\main\AndroidManifest.xml:5:5-41:19
>>>>>>> more
12        android:allowBackup="true"
12-->src\main\AndroidManifest.xml:6:9-35
13        android:appComponentFactory="androidx.core.app.CoreComponentFactory"
13-->[androidx.core:core:1.5.0] AndroidManifest.xml:24:18-86
14        android:debuggable="true"
15        android:icon="@mipmap/ic_launcher"
15-->src\main\AndroidManifest.xml:7:9-43
16        android:label="@string/app_name"
16-->src\main\AndroidManifest.xml:8:9-41
17        android:roundIcon="@mipmap/ic_launcher_round"
17-->src\main\AndroidManifest.xml:9:9-54
18        android:supportsRtl="true"
18-->src\main\AndroidManifest.xml:10:9-35
19        android:theme="@style/Theme.SmallSolutions" >
19-->src\main\AndroidManifest.xml:11:9-52
20        <activity
20-->src\main\AndroidManifest.xml:12:9-14:39
<<<<<<< HEAD
21            android:name="com.example.smallsolutions.profileActivity"
21-->src\main\AndroidManifest.xml:13:13-44
=======
21            android:name="com.example.smallsolutions.AllRandom"
21-->src\main\AndroidManifest.xml:13:13-38
>>>>>>> more
22            android:exported="true" />
22-->src\main\AndroidManifest.xml:14:13-36
23        <activity
23-->src\main\AndroidManifest.xml:15:9-17:39
<<<<<<< HEAD
24            android:name="com.example.smallsolutions.SignUpActivity"
24-->src\main\AndroidManifest.xml:16:13-43
25            android:exported="true" />
25-->src\main\AndroidManifest.xml:17:13-36
26        <activity
26-->src\main\AndroidManifest.xml:18:9-20:38
27            android:name="com.example.smallsolutions.HomeActivity"
27-->src\main\AndroidManifest.xml:19:13-41
28            android:exported="true" />
28-->src\main\AndroidManifest.xml:20:13-36
29        <activity
29-->src\main\AndroidManifest.xml:21:9-23:39
30            android:name="com.example.smallsolutions.LoginActivity"
30-->src\main\AndroidManifest.xml:22:13-42
31            android:exported="true" />
31-->src\main\AndroidManifest.xml:23:13-36
32        <activity
32-->src\main\AndroidManifest.xml:24:9-32:20
33            android:name="com.example.smallsolutions.MainActivity"
33-->src\main\AndroidManifest.xml:25:13-41
34            android:exported="true" >
34-->src\main\AndroidManifest.xml:26:13-36
35            <intent-filter>
35-->src\main\AndroidManifest.xml:27:13-31:29
36                <action android:name="android.intent.action.MAIN" />
36-->src\main\AndroidManifest.xml:28:17-69
36-->src\main\AndroidManifest.xml:28:25-66
37
38                <category android:name="android.intent.category.LAUNCHER" />
38-->src\main\AndroidManifest.xml:30:17-77
38-->src\main\AndroidManifest.xml:30:27-74
39            </intent-filter>
40        </activity>
41
42        <meta-data
42-->src\main\AndroidManifest.xml:34:9-36:57
43            android:name="preloaded_fonts"
43-->src\main\AndroidManifest.xml:35:13-43
44            android:resource="@array/preloaded_fonts" />
44-->src\main\AndroidManifest.xml:36:13-54
45    </application>
46
47</manifest>
=======
24            android:name="com.example.smallsolutions.profileActivity"
24-->src\main\AndroidManifest.xml:16:13-44
25            android:exported="true" />
25-->src\main\AndroidManifest.xml:17:13-36
26        <activity
26-->src\main\AndroidManifest.xml:18:9-20:39
27            android:name="com.example.smallsolutions.SignUpActivity"
27-->src\main\AndroidManifest.xml:19:13-43
28            android:exported="true" />
28-->src\main\AndroidManifest.xml:20:13-36
29        <activity
29-->src\main\AndroidManifest.xml:21:9-24:59
30            android:name="com.example.smallsolutions.HomeActivity"
30-->src\main\AndroidManifest.xml:22:13-41
31            android:exported="true"
31-->src\main\AndroidManifest.xml:23:13-36
32            android:windowSoftInputMode="adjustNothing" />
32-->src\main\AndroidManifest.xml:24:13-56
33        <activity
33-->src\main\AndroidManifest.xml:25:9-27:39
34            android:name="com.example.smallsolutions.LoginActivity"
34-->src\main\AndroidManifest.xml:26:13-42
35            android:exported="true" />
35-->src\main\AndroidManifest.xml:27:13-36
36        <activity
36-->src\main\AndroidManifest.xml:28:9-36:20
37            android:name="com.example.smallsolutions.MainActivity"
37-->src\main\AndroidManifest.xml:29:13-41
38            android:exported="true" >
38-->src\main\AndroidManifest.xml:30:13-36
39            <intent-filter>
39-->src\main\AndroidManifest.xml:31:13-35:29
40                <action android:name="android.intent.action.MAIN" />
40-->src\main\AndroidManifest.xml:32:17-69
40-->src\main\AndroidManifest.xml:32:25-66
41
42                <category android:name="android.intent.category.LAUNCHER" />
42-->src\main\AndroidManifest.xml:34:17-77
42-->src\main\AndroidManifest.xml:34:27-74
43            </intent-filter>
44        </activity>
45
46        <meta-data
46-->src\main\AndroidManifest.xml:38:9-40:57
47            android:name="preloaded_fonts"
47-->src\main\AndroidManifest.xml:39:13-43
48            android:resource="@array/preloaded_fonts" />
48-->src\main\AndroidManifest.xml:40:13-54
49    </application>
50
51</manifest>
>>>>>>> more